{"numFailedTestSuites":1,"numFailedTests":3,"numPassedTestSuites":3,"numPassedTests":11,"numPendingTestSuites":0,"numPendingTests":0,"numRuntimeErrorTestSuites":0,"numTodoTests":0,"numTotalTestSuites":4,"numTotalTests":14,"openHandles":[],"snapshot":{"added":0,"didUpdate":false,"failure":false,"filesAdded":0,"filesRemoved":0,"filesRemovedList":[],"filesUnmatched":0,"filesUpdated":0,"matched":0,"total":0,"unchecked":0,"uncheckedKeysByFile":[],"unmatched":0,"updated":0},"startTime":1774158601323,"success":false,"testResults":[{"assertionResults":[{"ancestorTitles":["API Service"],"duration":14,"failureDetails":[{"matcherResult":{"message":"expect(jest.fn()).toHaveBeenCalled()\n\nExpected number of calls: >= 1\nReceived number of calls:    0","pass":false}}],"failureMessages":["Error: expect(jest.fn()).toHaveBeenCalled()\n\nExpected number of calls: >= 1\nReceived number of calls:    0\n    at Object.toHaveBeenCalled (C:\\Users\\HOME\\OneDrive\\Hcl Tech training days tasks\\web-scraper-jobs\\frontend\\src\\services\\api.test.js:27:30)\n    at Promise.then.completed (C:\\Users\\HOME\\OneDrive\\Hcl Tech training days tasks\\web-scraper-jobs\\frontend\\node_modules\\jest-circus\\build\\utils.js:298:28)\n    at new Promise (<anonymous>)\n    at callAsyncCircusFn (C:\\Users\\HOME\\OneDrive\\Hcl Tech training days tasks\\web-scraper-jobs\\frontend\\node_modules\\jest-circus\\build\\utils.js:231:10)\n    at _callCircusTest (C:\\Users\\HOME\\OneDrive\\Hcl Tech training days tasks\\web-scraper-jobs\\frontend\\node_modules\\jest-circus\\build\\run.js:316:40)\n    at processTicksAndRejections (node:internal/process/task_queues:105:5)\n    at _runTest (C:\\Users\\HOME\\OneDrive\\Hcl Tech training days tasks\\web-scraper-jobs\\frontend\\node_modules\\jest-circus\\build\\run.js:252:3)\n    at _runTestsForDescribeBlock (C:\\Users\\HOME\\OneDrive\\Hcl Tech training days tasks\\web-scraper-jobs\\frontend\\node_modules\\jest-circus\\build\\run.js:126:9)\n    at _runTestsForDescribeBlock (C:\\Users\\HOME\\OneDrive\\Hcl Tech training days tasks\\web-scraper-jobs\\frontend\\node_modules\\jest-circus\\build\\run.js:121:9)\n    at run (C:\\Users\\HOME\\OneDrive\\Hcl Tech training days tasks\\web-scraper-jobs\\frontend\\node_modules\\jest-circus\\build\\run.js:71:3)\n    at runAndTransformResultsToJestFormat (C:\\Users\\HOME\\OneDrive\\Hcl Tech training days tasks\\web-scraper-jobs\\frontend\\node_modules\\jest-circus\\build\\legacy-code-todo-rewrite\\jestAdapterInit.js:122:21)\n    at jestAdapter (C:\\Users\\HOME\\OneDrive\\Hcl Tech training days tasks\\web-scraper-jobs\\frontend\\node_modules\\jest-circus\\build\\legacy-code-todo-rewrite\\jestAdapter.js:79:19)\n    at runTestInternal (C:\\Users\\HOME\\OneDrive\\Hcl Tech training days tasks\\web-scraper-jobs\\frontend\\node_modules\\jest-runner\\build\\runTest.js:367:16)\n    at runTest (C:\\Users\\HOME\\OneDrive\\Hcl Tech training days tasks\\web-scraper-jobs\\frontend\\node_modules\\jest-runner\\build\\runTest.js:444:34)\n    at Object.worker (C:\\Users\\HOME\\OneDrive\\Hcl Tech training days tasks\\web-scraper-jobs\\frontend\\node_modules\\jest-runner\\build\\testWorker.js:106:12)"],"fullName":"API Service creates an axios instance","invocations":1,"location":null,"numPassingAsserts":0,"retryReasons":[],"status":"failed","title":"creates an axios instance"},{"ancestorTitles":["API Service"],"duration":1,"failureDetails":[{"matcherResult":{"message":"expect(jest.fn()).toHaveBeenCalled()\n\nExpected number of calls: >= 1\nReceived number of calls:    0","pass":false}}],"failureMessages":["Error: expect(jest.fn()).toHaveBeenCalled()\n\nExpected number of calls: >= 1\nReceived number of calls:    0\n    at Object.toHaveBeenCalled (C:\\Users\\HOME\\OneDrive\\Hcl Tech training days tasks\\web-scraper-jobs\\frontend\\src\\services\\api.test.js:34:46)\n    at Promise.then.completed (C:\\Users\\HOME\\OneDrive\\Hcl Tech training days tasks\\web-scraper-jobs\\frontend\\node_modules\\jest-circus\\build\\utils.js:298:28)\n    at new Promise (<anonymous>)\n    at callAsyncCircusFn (C:\\Users\\HOME\\OneDrive\\Hcl Tech training days tasks\\web-scraper-jobs\\frontend\\node_modules\\jest-circus\\build\\utils.js:231:10)\n    at _callCircusTest (C:\\Users\\HOME\\OneDrive\\Hcl Tech training days tasks\\web-scraper-jobs\\frontend\\node_modules\\jest-circus\\build\\run.js:316:40)\n    at processTicksAndRejections (node:internal/process/task_queues:105:5)\n    at _runTest (C:\\Users\\HOME\\OneDrive\\Hcl Tech training days tasks\\web-scraper-jobs\\frontend\\node_modules\\jest-circus\\build\\run.js:252:3)\n    at _runTestsForDescribeBlock (C:\\Users\\HOME\\OneDrive\\Hcl Tech training days tasks\\web-scraper-jobs\\frontend\\node_modules\\jest-circus\\build\\run.js:126:9)\n    at _runTestsForDescribeBlock (C:\\Users\\HOME\\OneDrive\\Hcl Tech training days tasks\\web-scraper-jobs\\frontend\\node_modules\\jest-circus\\build\\run.js:121:9)\n    at run (C:\\Users\\HOME\\OneDrive\\Hcl Tech training days tasks\\web-scraper-jobs\\frontend\\node_modules\\jest-circus\\build\\run.js:71:3)\n    at runAndTransformResultsToJestFormat (C:\\Users\\HOME\\OneDrive\\Hcl Tech training days tasks\\web-scraper-jobs\\frontend\\node_modules\\jest-circus\\build\\legacy-code-todo-rewrite\\jestAdapterInit.js:122:21)\n    at jestAdapter (C:\\Users\\HOME\\OneDrive\\Hcl Tech training days tasks\\web-scraper-jobs\\frontend\\node_modules\\jest-circus\\build\\legacy-code-todo-rewrite\\jestAdapter.js:79:19)\n    at runTestInternal (C:\\Users\\HOME\\OneDrive\\Hcl Tech training days tasks\\web-scraper-jobs\\frontend\\node_modules\\jest-runner\\build\\runTest.js:367:16)\n    at runTest (C:\\Users\\HOME\\OneDrive\\Hcl Tech training days tasks\\web-scraper-jobs\\frontend\\node_modules\\jest-runner\\build\\runTest.js:444:34)\n    at Object.worker (C:\\Users\\HOME\\OneDrive\\Hcl Tech training days tasks\\web-scraper-jobs\\frontend\\node_modules\\jest-runner\\build\\testWorker.js:106:12)"],"fullName":"API Service sets the authorization header if token exists in localStorage","invocations":1,"location":null,"numPassingAsserts":0,"retryReasons":[],"status":"failed","title":"sets the authorization header if token exists in localStorage"},{"ancestorTitles":["API Service"],"duration":0,"failureDetails":[{}],"failureMessages":["TypeError: Cannot read properties of undefined (reading '0')\n    at Object.<anonymous> (C:\\Users\\HOME\\OneDrive\\Hcl Tech training days tasks\\web-scraper-jobs\\frontend\\src\\services\\api.test.js:48:78)\n    at Promise.then.completed (C:\\Users\\HOME\\OneDrive\\Hcl Tech training days tasks\\web-scraper-jobs\\frontend\\node_modules\\jest-circus\\build\\utils.js:298:28)\n    at new Promise (<anonymous>)\n    at callAsyncCircusFn (C:\\Users\\HOME\\OneDrive\\Hcl Tech training days tasks\\web-scraper-jobs\\frontend\\node_modules\\jest-circus\\build\\utils.js:231:10)\n    at _callCircusTest (C:\\Users\\HOME\\OneDrive\\Hcl Tech training days tasks\\web-scraper-jobs\\frontend\\node_modules\\jest-circus\\build\\run.js:316:40)\n    at processTicksAndRejections (node:internal/process/task_queues:105:5)\n    at _runTest (C:\\Users\\HOME\\OneDrive\\Hcl Tech training days tasks\\web-scraper-jobs\\frontend\\node_modules\\jest-circus\\build\\run.js:252:3)\n    at _runTestsForDescribeBlock (C:\\Users\\HOME\\OneDrive\\Hcl Tech training days tasks\\web-scraper-jobs\\frontend\\node_modules\\jest-circus\\build\\run.js:126:9)\n    at _runTestsForDescribeBlock (C:\\Users\\HOME\\OneDrive\\Hcl Tech training days tasks\\web-scraper-jobs\\frontend\\node_modules\\jest-circus\\build\\run.js:121:9)\n    at run (C:\\Users\\HOME\\OneDrive\\Hcl Tech training days tasks\\web-scraper-jobs\\frontend\\node_modules\\jest-circus\\build\\run.js:71:3)\n    at runAndTransformResultsToJestFormat (C:\\Users\\HOME\\OneDrive\\Hcl Tech training days tasks\\web-scraper-jobs\\frontend\\node_modules\\jest-circus\\build\\legacy-code-todo-rewrite\\jestAdapterInit.js:122:21)\n    at jestAdapter (C:\\Users\\HOME\\OneDrive\\Hcl Tech training days tasks\\web-scraper-jobs\\frontend\\node_modules\\jest-circus\\build\\legacy-code-todo-rewrite\\jestAdapter.js:79:19)\n    at runTestInternal (C:\\Users\\HOME\\OneDrive\\Hcl Tech training days tasks\\web-scraper-jobs\\frontend\\node_modules\\jest-runner\\build\\runTest.js:367:16)\n    at runTest (C:\\Users\\HOME\\OneDrive\\Hcl Tech training days tasks\\web-scraper-jobs\\frontend\\node_modules\\jest-runner\\build\\runTest.js:444:34)\n    at Object.worker (C:\\Users\\HOME\\OneDrive\\Hcl Tech training days tasks\\web-scraper-jobs\\frontend\\node_modules\\jest-runner\\build\\testWorker.js:106:12)"],"fullName":"API Service does not set authorization header if no token in localStorage","invocations":1,"location":null,"numPassingAsserts":0,"retryReasons":[],"status":"failed","title":"does not set authorization header if no token in localStorage"}],"endTime":1774158605425,"message":"  ● API Service › creates an axios instance\n\n    expect(jest.fn()).toHaveBeenCalled()\n\n    Expected number of calls: >= 1\n    Received number of calls:    0\n\n    \u001b[0m \u001b[90m 25 |\u001b[39m\n     \u001b[90m 26 |\u001b[39m     it(\u001b[32m'creates an axios instance'\u001b[39m\u001b[33m,\u001b[39m () \u001b[33m=>\u001b[39m {\n    \u001b[31m\u001b[1m>\u001b[22m\u001b[39m\u001b[90m 27 |\u001b[39m         expect(axios\u001b[33m.\u001b[39mcreate)\u001b[33m.\u001b[39mtoHaveBeenCalled()\u001b[33m;\u001b[39m\n     \u001b[90m    |\u001b[39m                              \u001b[31m\u001b[1m^\u001b[22m\u001b[39m\n     \u001b[90m 28 |\u001b[39m     })\u001b[33m;\u001b[39m\n     \u001b[90m 29 |\u001b[39m\n     \u001b[90m 30 |\u001b[39m     it(\u001b[32m'sets the authorization header if token exists in localStorage'\u001b[39m\u001b[33m,\u001b[39m () \u001b[33m=>\u001b[39m {\u001b[0m\n\n      at Object.toHaveBeenCalled (src/services/api.test.js:27:30)\n\n  ● API Service › sets the authorization header if token exists in localStorage\n\n    expect(jest.fn()).toHaveBeenCalled()\n\n    Expected number of calls: >= 1\n    Received number of calls:    0\n\n    \u001b[0m \u001b[90m 32 |\u001b[39m         \n     \u001b[90m 33 |\u001b[39m         \u001b[90m// Ensure interceptor was registered\u001b[39m\n    \u001b[31m\u001b[1m>\u001b[22m\u001b[39m\u001b[90m 34 |\u001b[39m         expect(api\u001b[33m.\u001b[39minterceptors\u001b[33m.\u001b[39mrequest\u001b[33m.\u001b[39muse)\u001b[33m.\u001b[39mtoHaveBeenCalled()\u001b[33m;\u001b[39m\n     \u001b[90m    |\u001b[39m                                              \u001b[31m\u001b[1m^\u001b[22m\u001b[39m\n     \u001b[90m 35 |\u001b[39m         \n     \u001b[90m 36 |\u001b[39m         \u001b[90m// Extract the interceptor function\u001b[39m\n     \u001b[90m 37 |\u001b[39m         \u001b[36mconst\u001b[39m requestInterceptor \u001b[33m=\u001b[39m api\u001b[33m.\u001b[39minterceptors\u001b[33m.\u001b[39mrequest\u001b[33m.\u001b[39muse\u001b[33m.\u001b[39mmock\u001b[33m.\u001b[39mcalls[\u001b[35m0\u001b[39m][\u001b[35m0\u001b[39m]\u001b[33m;\u001b[39m\u001b[0m\n\n      at Object.toHaveBeenCalled (src/services/api.test.js:34:46)\n\n  ● API Service › does not set authorization header if no token in localStorage\n\n    TypeError: Cannot read properties of undefined (reading '0')\n\n    \u001b[0m \u001b[90m 46 |\u001b[39m     it(\u001b[32m'does not set authorization header if no token in localStorage'\u001b[39m\u001b[33m,\u001b[39m () \u001b[33m=>\u001b[39m {\n     \u001b[90m 47 |\u001b[39m         \u001b[90m// Extract the interceptor function\u001b[39m\n    \u001b[31m\u001b[1m>\u001b[22m\u001b[39m\u001b[90m 48 |\u001b[39m         \u001b[36mconst\u001b[39m requestInterceptor \u001b[33m=\u001b[39m api\u001b[33m.\u001b[39minterceptors\u001b[33m.\u001b[39mrequest\u001b[33m.\u001b[39muse\u001b[33m.\u001b[39mmock\u001b[33m.\u001b[39mcalls[\u001b[35m0\u001b[39m][\u001b[35m0\u001b[39m]\u001b[33m;\u001b[39m\n     \u001b[90m    |\u001b[39m                                                                              \u001b[31m\u001b[1m^\u001b[22m\u001b[39m\n     \u001b[90m 49 |\u001b[39m         \n     \u001b[90m 50 |\u001b[39m         \u001b[90m// Run a fake request through it\u001b[39m\n     \u001b[90m 51 |\u001b[39m         \u001b[36mconst\u001b[39m config \u001b[33m=\u001b[39m { headers\u001b[33m:\u001b[39m {} }\u001b[33m;\u001b[39m\u001b[0m\n\n      at Object.<anonymous> (src/services/api.test.js:48:78)\n","name":"C:\\Users\\HOME\\OneDrive\\Hcl Tech training days tasks\\web-scraper-jobs\\frontend\\src\\services\\api.test.js","startTime":1774158603345,"status":"failed","summary":""},{"assertionResults":[{"ancestorTitles":["ProtectedRoute"],"duration":70,"failureDetails":[],"failureMessages":[],"fullName":"ProtectedRoute shows loading when context is loading","invocations":1,"location":null,"numPassingAsserts":2,"retryReasons":[],"status":"passed","title":"shows loading when context is loading"},{"ancestorTitles":["ProtectedRoute"],"duration":11,"failureDetails":[],"failureMessages":[],"fullName":"ProtectedRoute redirects to login if user is not authenticated","invocations":1,"location":null,"numPassingAsserts":2,"retryReasons":[],"status":"passed","title":"redirects to login if user is not authenticated"},{"ancestorTitles":["ProtectedRoute"],"duration":4,"failureDetails":[],"failureMessages":[],"fullName":"ProtectedRoute renders outlet if user is authenticated","invocations":1,"location":null,"numPassingAsserts":1,"retryReasons":[],"status":"passed","title":"renders outlet if user is authenticated"},{"ancestorTitles":["ProtectedRoute"],"duration":3,"failureDetails":[],"failureMessages":[],"fullName":"ProtectedRoute renders outlet if user is admin and route is adminOnly","invocations":1,"location":null,"numPassingAsserts":1,"retryReasons":[],"status":"passed","title":"renders outlet if user is admin and route is adminOnly"},{"ancestorTitles":["ProtectedRoute"],"duration":4,"failureDetails":[],"failureMessages":[],"fullName":"ProtectedRoute redirects to home if user is not admin and route is adminOnly","invocations":1,"location":null,"numPassingAsserts":2,"retryReasons":[],"status":"passed","title":"redirects to home if user is not admin and route is adminOnly"}],"endTime":1774158605690,"message":"","name":"C:\\Users\\HOME\\OneDrive\\Hcl Tech training days tasks\\web-scraper-jobs\\frontend\\src\\routes\\ProtectedRoute.test.jsx","startTime":1774158603348,"status":"passed","summary":""},{"assertionResults":[{"ancestorTitles":["AuthContext"],"duration":73,"failureDetails":[],"failureMessages":[],"fullName":"AuthContext initializes with loading true and checks token","invocations":1,"location":null,"numPassingAsserts":4,"retryReasons":[],"status":"passed","title":"initializes with loading true and checks token"},{"ancestorTitles":["AuthContext"],"duration":18,"failureDetails":[],"failureMessages":[],"fullName":"AuthContext removes token and sets no user if api /me fails","invocations":1,"location":null,"numPassingAsserts":2,"retryReasons":[],"status":"passed","title":"removes token and sets no user if api /me fails"},{"ancestorTitles":["AuthContext"],"duration":19,"failureDetails":[],"failureMessages":[],"fullName":"AuthContext handles login successfully","invocations":1,"location":null,"numPassingAsserts":4,"retryReasons":[],"status":"passed","title":"handles login successfully"},{"ancestorTitles":["AuthContext"],"duration":12,"failureDetails":[],"failureMessages":[],"fullName":"AuthContext handles logout successfully","invocations":1,"location":null,"numPassingAsserts":3,"retryReasons":[],"status":"passed","title":"handles logout successfully"},{"ancestorTitles":["AuthContext"],"duration":18,"failureDetails":[],"failureMessages":[],"fullName":"AuthContext handles register successfully","invocations":1,"location":null,"numPassingAsserts":5,"retryReasons":[],"status":"passed","title":"handles register successfully"}],"endTime":1774158605782,"message":"","name":"C:\\Users\\HOME\\OneDrive\\Hcl Tech training days tasks\\web-scraper-jobs\\frontend\\src\\context\\AuthContext.test.jsx","startTime":1774158603326,"status":"passed","summary":""},{"assertionResults":[{"ancestorTitles":[],"duration":122,"failureDetails":[],"failureMessages":[],"fullName":"renders JobHub title","invocations":1,"location":null,"numPassingAsserts":1,"retryReasons":[],"status":"passed","title":"renders JobHub title"}],"endTime":1774158606334,"message":"","name":"C:\\Users\\HOME\\OneDrive\\Hcl Tech training days tasks\\web-scraper-jobs\\frontend\\src\\App.test.jsx","startTime":1774158603335,"status":"passed","summary":""}],"wasInterrupted":false}
